\BOOKMARK [1][-]{section.1}{\376\377\122\115\212\000}{}% 1
\BOOKMARK [1][-]{section.2}{\376\377\000P\000r\000o\000t\000e\000c\000t\0000\000\040\000-\000\040\000C\000+\000+\000\040\000P\000R\000I\000M\000E\000R}{}% 2
\BOOKMARK [2][-]{subsection.2.1}{\376\377\000T\000a\000s\000k\0001\000:\000O\000R\000-\000S\000e\000t}{section.2}% 3
\BOOKMARK [3][-]{subsubsection.2.1.1}{\376\377\116\373\122\241\116\313\176\315}{subsection.2.1}% 4
\BOOKMARK [3][-]{subsubsection.2.1.2}{\376\377\116\373\122\241\122\006\147\220}{subsection.2.1}% 5
\BOOKMARK [3][-]{subsubsection.2.1.3}{\376\377\121\167\117\123\133\236\163\260}{subsection.2.1}% 6
\BOOKMARK [3][-]{subsubsection.2.1.4}{\376\377\000D\000e\000b\000u\000g}{subsection.2.1}% 7
\BOOKMARK [2][-]{subsection.2.2}{\376\377\000T\000a\000s\000k\0002\000:\000S\000Q\000L\000\040\000S\000t\000r\000i\000n\000g\000\040\000F\000u\000n\000c\000t\000i\000o\000n\000s}{section.2}% 8
\BOOKMARK [3][-]{subsubsection.2.2.1}{\376\377\116\373\122\241\116\313\176\315}{subsection.2.2}% 9
\BOOKMARK [3][-]{subsubsection.2.2.2}{\376\377\116\373\122\241\122\006\147\220}{subsection.2.2}% 10
\BOOKMARK [3][-]{subsubsection.2.2.3}{\376\377\121\167\117\123\133\236\163\260}{subsection.2.2}% 11
\BOOKMARK [3][-]{subsubsection.2.2.4}{\376\377\000D\000e\000b\000u\000g}{subsection.2.2}% 12
\BOOKMARK [1][-]{section.3}{\376\377\000P\000r\000o\000t\000e\000c\000t\0001\000\040\000-\000\040\000B\000U\000F\000F\000E\000R\000\040\000P\000O\000O\000L}{}% 13
\BOOKMARK [2][-]{subsection.3.1}{\376\377\000T\000a\000s\000k\0001\000:\000L\000R\000U\000-\000K\000\040\000R\000e\000p\000l\000a\000c\000e\000m\000e\000n\000t\000\040\000P\000o\000l\000i\000c\000y}{section.3}% 14
\BOOKMARK [3][-]{subsubsection.3.1.1}{\376\377\116\373\122\241\116\313\176\315}{subsection.3.1}% 15
\BOOKMARK [3][-]{subsubsection.3.1.2}{\376\377\116\373\122\241\122\006\147\220}{subsection.3.1}% 16
\BOOKMARK [3][-]{subsubsection.3.1.3}{\376\377\121\167\117\123\133\236\163\260}{subsection.3.1}% 17
\BOOKMARK [3][-]{subsubsection.3.1.4}{\376\377\000D\000e\000b\000u\000g}{subsection.3.1}% 18
\BOOKMARK [2][-]{subsection.3.2}{\376\377\000T\000a\000s\000k\0002\000:\000D\000i\000s\000k\000\040\000S\000c\000h\000e\000d\000u\000l\000e\000r}{section.3}% 19
\BOOKMARK [3][-]{subsubsection.3.2.1}{\376\377\116\373\122\241\116\313\176\315}{subsection.3.2}% 20
\BOOKMARK [3][-]{subsubsection.3.2.2}{\376\377\116\373\122\241\122\006\147\220}{subsection.3.2}% 21
\BOOKMARK [3][-]{subsubsection.3.2.3}{\376\377\121\167\117\123\133\236\163\260}{subsection.3.2}% 22
\BOOKMARK [3][-]{subsubsection.3.2.4}{\376\377\000D\000e\000b\000u\000g}{subsection.3.2}% 23
\BOOKMARK [2][-]{subsection.3.3}{\376\377\000T\000a\000s\000k\0003\000:\000B\000u\000f\000f\000e\000r\000\040\000P\000o\000o\000l\000\040\000M\000a\000n\000a\000g\000e\000r}{section.3}% 24
\BOOKMARK [3][-]{subsubsection.3.3.1}{\376\377\116\373\122\241\116\313\176\315}{subsection.3.3}% 25
\BOOKMARK [3][-]{subsubsection.3.3.2}{\376\377\116\373\122\241\122\006\147\220}{subsection.3.3}% 26
\BOOKMARK [3][-]{subsubsection.3.3.3}{\376\377\121\167\117\123\133\236\163\260}{subsection.3.3}% 27
\BOOKMARK [3][-]{subsubsection.3.3.4}{\376\377\000D\000e\000b\000u\000g}{subsection.3.3}% 28
\BOOKMARK [2][-]{subsection.3.4}{\376\377\000T\000a\000s\000k\0004\000:\000R\000e\000a\000d\000/\000W\000r\000i\000t\000e\000\040\000P\000a\000g\000e\000\040\000G\000u\000a\000r\000d\000s}{section.3}% 29
\BOOKMARK [3][-]{subsubsection.3.4.1}{\376\377\116\373\122\241\116\313\176\315}{subsection.3.4}% 30
\BOOKMARK [3][-]{subsubsection.3.4.2}{\376\377\116\373\122\241\122\006\147\220}{subsection.3.4}% 31
\BOOKMARK [3][-]{subsubsection.3.4.3}{\376\377\121\167\117\123\133\236\163\260}{subsection.3.4}% 32
\BOOKMARK [3][-]{subsubsection.3.4.4}{\376\377\000D\000e\000b\000u\000g}{subsection.3.4}% 33
\BOOKMARK [2][-]{subsection.3.5}{\376\377\000L\000e\000a\000d\000e\000r\000b\000o\000a\000r\000d\000\040\000T\000a\000s\000k}{section.3}% 34
