\BOOKMARK [1][-]{section.1}{\376\377\173\200\116\313}{}% 1
\BOOKMARK [2][-]{subsection.1.1}{\376\377\163\257\130\203\116\313\176\315}{section.1}% 2
\BOOKMARK [2][-]{subsection.1.2}{\376\377\116\373\122\241\133\214\142\020\140\305\121\265}{section.1}% 3
\BOOKMARK [1][-]{section.2}{\376\377\000P\000r\000o\000t\000e\000c\000t\0002\116\313\176\315}{}% 4
\BOOKMARK [2][-]{subsection.2.1}{\376\377\131\026\220\350\176\323\147\204}{section.2}% 5
\BOOKMARK [2][-]{subsection.2.2}{\376\377\121\205\220\350\176\323\147\204}{section.2}% 6
\BOOKMARK [3][-]{subsubsection.2.2.1}{\376\377\000h\000e\000a\000d\000e\000r}{subsection.2.2}% 7
\BOOKMARK [3][-]{subsubsection.2.2.2}{\376\377\000d\000i\000r\000e\000c\000t\000o\000r\000y}{subsection.2.2}% 8
\BOOKMARK [3][-]{subsubsection.2.2.3}{\376\377\000b\000u\000c\000k\000e\000t}{subsection.2.2}% 9
\BOOKMARK [2][-]{subsection.2.3}{\376\377\000d\000i\000r\000e\000c\000t\000o\000r\000y\166\204\122\006\210\302}{section.2}% 10
\BOOKMARK [2][-]{subsection.2.4}{\376\377\000d\000i\000r\000e\000c\000t\000o\000r\000y\166\204\124\010\136\166}{section.2}% 11
\BOOKMARK [1][-]{section.3}{\376\377\000T\000a\000s\000k\0001\000:\000E\000x\000t\000e\000n\000d\000i\000b\000l\000e\000\040\000H\000a\000s\000h\000\040\000T\000a\000b\000l\000e\000\040\000P\000a\000g\000e\000s}{}% 12
\BOOKMARK [2][-]{subsection.3.1}{\376\377\000h\000e\000a\000d\000e\000r}{section.3}% 13
\BOOKMARK [2][-]{subsection.3.2}{\376\377\000d\000i\000r\000e\000c\000t\000o\000r\000y}{section.3}% 14
\BOOKMARK [2][-]{subsection.3.3}{\376\377\000b\000u\000c\000k\000e\000t}{section.3}% 15
\BOOKMARK [2][-]{subsection.3.4}{\376\377\000D\000e\000b\000u\000g}{section.3}% 16
\BOOKMARK [1][-]{section.4}{\376\377\000T\000a\000s\000k\0002\000:\000E\000x\000t\000e\000n\000d\000i\000b\000l\000e\000\040\000H\000a\000s\000h\000i\000n\000g\000\040\000I\000m\000p\000l\000e\000m\000e\000n\000t\000a\000t\000i\000o\000n}{}% 17
\BOOKMARK [2][-]{subsection.4.1}{\376\377\000I\000n\000s\000e\000r\000t}{section.4}% 18
\BOOKMARK [2][-]{subsection.4.2}{\376\377\000R\000e\000m\000o\000v\000e}{section.4}% 19
\BOOKMARK [2][-]{subsection.4.3}{\376\377\000D\000e\000b\000u\000g}{section.4}% 20
\BOOKMARK [1][-]{section.5}{\376\377\000T\000a\000s\000k\0003\000:\000C\000o\000n\000c\000u\000r\000r\000e\000n\000c\000y\000\040\000C\000o\000n\000t\000r\000o\000l}{}% 21
\BOOKMARK [2][-]{subsection.5.1}{\376\377\000D\000e\000b\000u\000g}{section.5}% 22
